\BOOKMARK [1][-]{section.0}{\376\377\121\231\127\050\122\115\227\142}{}% 1
\BOOKMARK [2][-]{subsection.0.1}{\376\377\172\340\202\202\176\323\147\204}{section.0}% 2
\BOOKMARK [2][-]{subsection.0.2}{\376\377\133\127\117\123}{section.0}% 3
\BOOKMARK [2][-]{subsection.0.3}{\376\377\121\205\133\271}{section.0}% 4
\BOOKMARK [1][-]{section.1}{\376\377\000L\000i\000n\000u\000x\121\145\225\350}{}% 5
\BOOKMARK [2][-]{subsection.1.1}{\376\377\000L\000i\000n\000u\000x\173\200\116\313}{section.1}% 6
\BOOKMARK [3][-]{subsubsection.1.1.1}{\376\377\000L\000i\000n\000u\000x\166\204\215\167\156\220}{subsection.1.1}% 7
\BOOKMARK [2][-]{subsection.1.2}{\376\377\000L\000i\000n\000u\000x\166\204\162\171\160\271}{section.1}% 8
\BOOKMARK [3][-]{subsubsection.1.2.1}{\376\377\000L\000i\000n\000u\000x\117\030\160\271}{subsection.1.2}% 9
\BOOKMARK [3][-]{subsubsection.1.2.2}{\376\377\000L\000i\000n\000u\000x\144\315\117\134\162\171\160\271}{subsection.1.2}% 10
\BOOKMARK [2][-]{subsection.1.3}{\376\377\000L\000i\000n\000u\000x\166\204\133\211\210\305}{section.1}% 11
\BOOKMARK [3][-]{subsubsection.1.3.1}{\376\377\206\132\142\337\147\072}{subsection.1.3}% 12
\BOOKMARK [3][-]{subsubsection.1.3.2}{\376\377\133\120\174\373\176\337}{subsection.1.3}% 13
\BOOKMARK [2][-]{subsection.1.4}{\376\377\000L\000i\000n\000u\000x\166\204\145\207\116\366\176\323\147\204\116\016\166\356\137\125\166\370\121\163\144\315\117\134}{section.1}% 14
\BOOKMARK [3][-]{subsubsection.1.4.1}{\376\377\000L\000i\000n\000u\000x\145\207\116\366\174\373\176\337\176\323\147\204}{subsection.1.4}% 15
\BOOKMARK [3][-]{subsubsection.1.4.2}{\376\377\122\007\143\142\060\001\122\033\136\372\060\001\122\040\226\144\166\356\137\125}{subsection.1.4}% 16
\BOOKMARK [3][-]{subsubsection.1.4.3}{\376\377\145\207\116\366\124\214\166\356\137\125\166\204\131\015\122\066\060\001\171\373\122\250\060\001\221\315\124\175\124\015\116\345\123\312\122\027\121\372\166\356\137\125\221\314\166\204\145\207\116\366}{subsection.1.4}% 17
\BOOKMARK [2][-]{subsection.1.5}{\376\377\145\207\116\366\144\315\117\134\124\175\116\344}{section.1}% 18
\BOOKMARK [3][-]{subsubsection.1.5.1}{\376\377\217\223\121\145\124\214\217\223\121\372\060\001\217\223\121\372\221\315\133\232\124\021}{subsection.1.5}% 19
\BOOKMARK [3][-]{subsubsection.1.5.2}{\376\377\147\345\167\013\145\207\116\366\121\205\133\271}{subsection.1.5}% 20
\BOOKMARK [3][-]{subsubsection.1.5.3}{\376\377\147\345\142\176\145\207\116\366}{subsection.1.5}% 21
\BOOKMARK [2][-]{subsection.1.6}{\376\377\165\050\142\067\116\016\145\207\116\366\147\103\226\120\173\241\164\006}{section.1}% 22
\BOOKMARK [3][-]{subsubsection.1.6.1}{\376\377\165\050\142\067\124\214\165\050\142\067\176\304}{subsection.1.6}% 23
\BOOKMARK [3][-]{subsubsection.1.6.2}{\376\377\145\207\116\366\147\103\226\120\173\241\164\006}{subsection.1.6}% 24
\BOOKMARK [2][-]{subsection.1.7}{\376\377\116\072\174\373\176\337\133\211\210\305\217\157\116\366}{section.1}% 25
\BOOKMARK [3][-]{subsubsection.1.7.1}{\376\377\217\157\116\366\123\005\173\241\164\006\126\150\116\016\217\157\116\366\156\220}{subsection.1.7}% 26
\BOOKMARK [3][-]{subsubsection.1.7.2}{\376\377\133\211\210\305\217\157\116\366}{subsection.1.7}% 27
\BOOKMARK [3][-]{subsubsection.1.7.3}{\376\377\123\170\217\175\217\157\116\366}{subsection.1.7}% 28
\BOOKMARK [3][-]{subsubsection.1.7.4}{\376\377\213\376\172\013\142\100\227\000\217\157\116\366}{subsection.1.7}% 29
\BOOKMARK [2][-]{subsection.1.8}{\376\377\145\207\147\054\131\004\164\006\135\345\121\167}{section.1}% 30
\BOOKMARK [3][-]{subsubsection.1.8.1}{\376\377\000g\000r\000e\000p\124\175\116\344}{subsection.1.8}% 31
\BOOKMARK [3][-]{subsubsection.1.8.2}{\376\377\000a\000w\000k\124\175\116\344}{subsection.1.8}% 32
\BOOKMARK [3][-]{subsubsection.1.8.3}{\376\377\000s\000e\000d\124\175\116\344}{subsection.1.8}% 33
\BOOKMARK [2][-]{subsection.1.9}{\376\377\000V\000i\000m\145\207\147\054\177\026\217\221\126\150}{section.1}% 34
\BOOKMARK [3][-]{subsubsection.1.9.1}{\376\377\000V\000i\000m\173\200\116\313\116\016\116\011\116\052\152\041\137\017}{subsection.1.9}% 35
\BOOKMARK [3][-]{subsubsection.1.9.2}{\376\377\177\026\217\221\152\041\137\017}{subsection.1.9}% 36
\BOOKMARK [3][-]{subsubsection.1.9.3}{\376\377\124\175\116\344\060\001\147\345\142\176\152\041\137\017}{subsection.1.9}% 37
\BOOKMARK [2][-]{subsection.1.10}{\376\377\116\016\000w\000i\000n\000d\000o\000w\133\277\116\073\147\072\121\161\116\253\145\207\116\366}{section.1}% 38
\BOOKMARK [1][-]{section.2}{\376\377\000F\000o\000r\000t\000r\000a\000n\000\040\213\355\212\000\173\200\116\313}{}% 39
\BOOKMARK [2][-]{subsection.2.1}{\376\377\177\026\172\013\213\355\212\000\116\016\000F\000o\000r\000t\000r\000a\000n\166\204\123\321\134\125}{section.2}% 40
\BOOKMARK [2][-]{subsection.2.2}{\376\377\000F\000o\000r\000t\000r\000a\000n\000\040\116\016\142\123\133\124\123\141\162\107}{section.2}% 41
\BOOKMARK [2][-]{subsection.2.3}{\376\377\000F\000o\000r\000t\000r\000a\000n\213\355\212\000\166\204\177\026\213\321}{section.2}% 42
\BOOKMARK [1][-]{section.3}{\376\377\000F\000o\000r\000t\000r\000a\000n\127\372\170\100}{}% 43
\BOOKMARK [2][-]{subsection.3.1}{\376\377\000F\000o\000r\000t\000r\000a\000n\123\330\221\317\174\173\127\213\130\360\146\016\116\016\217\154\123\026}{section.3}% 44
\BOOKMARK [3][-]{subsubsection.3.1.1}{\376\377\000F\000o\000r\000t\000r\000a\000n\123\330\221\317\174\173\127\213\130\360\146\016}{subsection.3.1}% 45
\BOOKMARK [3][-]{subsubsection.3.1.2}{\376\377\000F\000o\000r\000t\000r\000a\000n\123\330\221\317\174\173\127\213\217\154\123\026}{subsection.3.1}% 46
\BOOKMARK [2][-]{subsection.3.2}{\376\377\000F\000o\000r\000t\000r\000a\000n\172\013\136\217\166\204\217\223\121\145\116\016\217\223\121\372}{section.3}% 47
\BOOKMARK [3][-]{subsubsection.3.2.1}{\376\377\217\223\121\145\213\355\123\345}{subsection.3.2}% 48
\BOOKMARK [3][-]{subsubsection.3.2.2}{\376\377\217\223\121\372\213\355\123\345}{subsection.3.2}% 49
\BOOKMARK [2][-]{subsection.3.3}{\376\377\150\074\137\017\123\026\217\223\121\372}{section.3}% 50
\BOOKMARK [3][-]{subsubsection.3.3.1}{\376\377\150\074\137\017\123\026\217\223\121\372\213\355\123\345}{subsection.3.3}% 51
\BOOKMARK [3][-]{subsubsection.3.3.2}{\376\377\000I\127\213}{subsection.3.3}% 52
\BOOKMARK [3][-]{subsubsection.3.3.3}{\376\377\000F\127\213}{subsection.3.3}% 53
\BOOKMARK [3][-]{subsubsection.3.3.4}{\376\377\000E\127\213}{subsection.3.3}% 54
\BOOKMARK [2][-]{subsection.3.4}{\376\377\145\160\133\146\213\355\123\345}{section.3}% 55
\BOOKMARK [3][-]{subsubsection.3.4.1}{\376\377\145\160\133\127\116\016\217\320\173\227\173\046}{subsection.3.4}% 56
\BOOKMARK [3][-]{subsubsection.3.4.2}{\376\377\145\160\133\146\121\375\145\160}{subsection.3.4}% 57
\BOOKMARK [3][-]{subsubsection.3.4.3}{\376\377\215\113\120\074\213\355\123\345}{subsection.3.4}% 58
\BOOKMARK [3][-]{subsubsection.3.4.4}{\376\377\173\227\147\057\217\320\173\227}{subsection.3.4}% 59
\BOOKMARK [3][-]{subsubsection.3.4.5}{\376\377\131\047\127\213\173\227\147\057\210\150\217\276\137\017}{subsection.3.4}% 60
\BOOKMARK [2][-]{subsection.3.5}{\376\377\000F\000o\000r\000t\000r\000a\000n\172\013\136\217\147\204\142\020}{section.3}% 61
\BOOKMARK [1][-]{appendix.1.A}{\376\377\146\364\143\142\217\157\116\366\156\220\116\072\156\005\123\116\131\047\133\146\225\134\120\317\172\331}{}% 62
\BOOKMARK [2][-]{subsection.1.A.1}{\376\377\000U\000b\000u\000n\000t\000u\000\040\0002\0004\000.\0000\0004\000.\0002\000\040\000L\000T\000S\000\040\217\157\116\366\156\220\221\115\177\156}{appendix.1.A}% 63
\BOOKMARK [2][-]{subsection.1.A.2}{\376\377\146\364\145\351\142\026\146\364\145\260\162\110\147\054\217\157\116\366\156\220\221\115\177\156}{appendix.1.A}% 64
\BOOKMARK [1][-]{appendix.1.B}{\376\377\116\016\000W\000i\000n\000d\000o\000w\133\277\116\073\147\072\121\161\116\253\145\207\116\366\131\071}{}% 65
\BOOKMARK [2][-]{subsection.1.B.1}{\376\377\000W\000S\000L\133\120\174\373\176\337}{appendix.1.B}% 66
\BOOKMARK [2][-]{subsection.1.B.2}{\376\377\206\132\142\337\147\072}{appendix.1.B}% 67
